[LOG] System::create                           : Header version = 1.10.08. Current version = 1.10.08.
[LOG] SystemI::setOutputInternal               : Setting output to 'FMOD WASAPI Output'
[LOG] Manager::init                            : maxchannels = 1024 studioflags = 00000009 flags 00000000 extradriverdata 0000000000000000.
[LOG] SystemI::init                            : Initialize version=11008 (96768), maxchannels=1024, flags=0x00030000
[LOG] OutputWASAPI::init                       : Mix Format (WAVEFORMATEX): wFormatTag=0xFFFE, nChannels=2, nSamplesPerSec=48000, nAvgBytesPerSec=384000, nBlockAlign=8, wBitsPerSample=32, cbSize=22.
[LOG] OutputWASAPI::init                       : Mix Format (WAVEFORMATEXTENSIBLE): wValidBitsPerSample=32, dwChannelMask=0x00000003, SubFormat=00000003-0000-0010-8000-00AA00389B71.
[LOG] OutputWASAPI::init                       : Output buffer size: 4096 samples, latency: 0.00ms, period: 10.00ms, DSP buffer: 1024 * 4
[LOG] Thread::initThread                       : Init FMOD stream thread. Priority: 2, Stack Size: 65536, Semaphore: No, Sleep Time: 10, Looping: Yes.
[LOG] SystemI::DSPCodecPoolRegister            : register codec pool for pool type 5
[LOG] Thread::initThread                       : Init FMOD mixer thread. Priority: 3, Stack Size: 49152, Semaphore: No, Sleep Time: 0, Looping: Yes.
<<<<<<< HEAD
[LOG] AsyncManager::init                       : manager 000000007EE81278 isAsync 1 updatePeriod 0.02
=======
[LOG] AsyncManager::init                       : manager 0000000094C95108 isAsync 1 updatePeriod 0.02
>>>>>>> develop
[LOG] Thread::initThread                       : Init FMOD Studio update thread. Priority: 0, Stack Size: 65536, Semaphore: No, Sleep Time: 1, Looping: No.
[LOG] AsyncManager::init                       : done
[LOG] PlaybackSystem::init                     : 
[LOG] Thread::initThread                       : Init FMOD Studio sample load thread. Priority: 0, Stack Size: 65536, Semaphore: No, Sleep Time: 1, Looping: No.
[LOG] PlaybackSystem::init                     : done
[LOG] LiveUpdate::init                         : 
[LOG] Thread::initThread                       : Init FMOD Studio bank load thread. Priority: 0, Stack Size: 65536, Semaphore: No, Sleep Time: 1, Looping: No.
[LOG] Manager::init                            : done.
[LOG] Profile::init                            : Profiler listening on port: 9264
<<<<<<< HEAD
[ERR] RuntimeBankModel::openFile               : Failed to open file 'D:\Periode 3.2\Fmod\Periode 3.2 Game\Build\Desktop/.strings.bank'
[LOG] Thread::callback                         : FMOD Studio update thread finished.
[LOG] Thread::callback                         : FMOD Studio bank load thread finished.
[LOG] Profile::disconnectAll                   : Profiler disconnecting all clients
[LOG] Thread::callback                         : FMOD Studio sample load thread finished.
[LOG] LiveUpdate::release                      : 
[LOG] LiveUpdate::reset                        : Reset connection (reason Disconnected)
[LOG] Thread::callback                         : FMOD stream thread finished.
[LOG] Thread::callback                         : FMOD mixer thread finished.
[LOG] Profile::disconnectAll                   : Profiler disconnecting all clients
[LOG] SystemI::close                           : Closed.
=======
[LOG] Manager::readBank                        : fileversion = 100, compatVersion = 99 (oldest = 44, newest = 100)
[LOG] Manager::readBank                        : fileversion = 100, compatVersion = 99 (oldest = 44, newest = 100)
[LOG] PlaybackSystem::acquireMasterBus         : Setting master channel group format to 6
[LOG] SystemI::createSound                     : filename = D:\Periode 3.2\Fmod\Periode 3.2 Game\Build\Desktop/Master Bank.bank : mode 02010082
[LOG] SystemI::createSound                     : FMOD_NONBLOCKING specified.  Putting into queue to be opened asynchronously!
[LOG] Thread::initThread                       : Init FMOD nonblocking thread (0). Priority: 1, Stack Size: 81920, Semaphore: Yes, Sleep Time: 0, Looping: Yes.
[LOG] SystemI::createSound                     : setdata soundi = 0000000084781848 : node = 0000000085EBA8E0
[LOG] SystemI::createSound                     : add node to async list : head = 00000000480E91B8.  list count = 0
[LOG] AsyncThread::threadFunc                  : Starting Asynchronous operation on sound 0000000084781848
[LOG] SystemI::createSound                     : filename = D:\Periode 3.2\Fmod\Periode 3.2 Game\Build\Desktop/Master Bank.bank : mode 02010082
[LOG] SystemI::createSoundInternal             :     Create name='D:\Periode 3.2\Fmod\Periode 3.2 Game\Build\Desktop/Master Bank.bank', mode=0x02010082
[LOG] SystemI::createSound                     :     FMOD_NONBLOCKING specified.  Putting into queue to be opened asynchronously!
[LOG] SystemI::createSoundInternal             :     exinfo->cbsize             = 232
[LOG] SystemI::createSoundInternal             :     exinfo->length             = 1543424
[LOG] SystemI::createSound                     :     setdata soundi = 0000000084781BA8 : node = 0000000085EBB8A0
[LOG] SystemI::createSoundInternal             :     exinfo->fileoffset         = 28192
[LOG] SystemI::createSound                     :     add node to async list : head = 00000000480E91B8.  list count = 0
[LOG] SystemI::createSoundInternal             :     exinfo->numsubsounds       = 1
[LOG] SystemI::createSoundInternal             :     exinfo->inclusionlist      = 0000000085EBA9F8
[LOG] SystemI::createSoundInternal             :     exinfo->inclusionlistnum   = 1
[LOG] SystemI::createSoundInternal             :     exinfo->suggestedsoundtype = 5
[LOG] SystemI::createSoundInternal             :     exinfo->initialseekposition = 42666
[LOG] SystemI::createSoundInternal             :     exinfo->initialseekpostype = 1
[LOG] SystemI::createSoundInternal             :     Stream 0/1: name='loop', format=2, channels=2, frequency=48000, lengthbytes=1131296, lengthpcm=4096000, pcmblocksize=0, loopstart=0, loopend=0, mode=0x00000000, channelmask=0x00000000, channelorder=0, peakvolume=0.799927.
[LOG] Thread::initThread                       :     Init FMOD file thread. Priority: 1, Stack Size: 16384, Semaphore: No, Sleep Time: 10, Looping: Yes.
[LOG] AsyncThread::threadFunc                  : Finished Asynchronous operation on sound 0000000084781848
[LOG] AsyncThread::threadFunc                  : Starting Asynchronous operation on sound 0000000084781BA8
[LOG] SystemI::createSoundInternal             :     Create name='D:\Periode 3.2\Fmod\Periode 3.2 Game\Build\Desktop/Master Bank.bank', mode=0x02010082
[LOG] SystemI::createSoundInternal             :     exinfo->cbsize             = 232
[LOG] SystemI::createSoundInternal             :     exinfo->length             = 1543424
[LOG] SystemI::createSoundInternal             :     exinfo->fileoffset         = 28192
[LOG] SystemI::createSoundInternal             :     exinfo->numsubsounds       = 1
[LOG] SystemI::createSoundInternal             :     exinfo->inclusionlist      = 0000000085EBB9B8
[LOG] SystemI::createSoundInternal             :     exinfo->inclusionlistnum   = 1
[LOG] SystemI::createSoundInternal             :     exinfo->suggestedsoundtype = 5
[LOG] SystemI::createSoundInternal             :     exinfo->initialseekposition = 42666
[LOG] SystemI::createSoundInternal             :     exinfo->initialseekpostype = 1
[LOG] SoundI::getSubSound                      :     sound 0000000084781848.  Subsound index 0 / 1
[LOG] SystemI::createSoundInternal             :     Stream 0/1: name='loop', format=2, channels=2, frequency=48000, lengthbytes=1131296, lengthpcm=4096000, pcmblocksize=0, loopstart=0, loopend=0, mode=0x00000000, channelmask=0x00000000, channelorder=0, peakvolume=0.799927.
[LOG] SystemI::createSoundInternal             :     Create name='', mode=0x02000202
[LOG] SystemI::createSoundInternal             :     exinfo->cbsize             = 232
[LOG] SystemI::createSoundInternal             :     exinfo->length             = 1543424
[LOG] SystemI::createSoundInternal             :     exinfo->fileoffset         = 28192
[LOG] SystemI::createSoundInternal             :     exinfo->numsubsounds       = 1
[LOG] SystemI::createSoundInternal             :     exinfo->inclusionlist      = 00000000E815F5FC
[LOG] SystemI::createSoundInternal             :     exinfo->inclusionlistnum   = 1
[LOG] SystemI::createSoundInternal             :     exinfo->suggestedsoundtype = 5
[LOG] SystemI::createSoundInternal             :     exinfo->useropen           = 00007FFDC0D7DA20
[LOG] SystemI::createSoundInternal             :     exinfo->userclose          = 00007FFDC0D7D9F0
[LOG] SystemI::createSoundInternal             :     exinfo->userread           = 00007FFDC0D7DAF0
[LOG] SystemI::createSoundInternal             :     exinfo->userseek           = 00007FFDC0D7DBB0
[LOG] SystemI::createSoundInternal             :     exinfo->fileuserdata       = 00000000C38D4138
[LOG] SystemI::createSoundInternal             :     exinfo->initialseekpostype = 1
[LOG] SystemI::DSPCodecPoolRegister            :     register codec pool for pool type 5
[LOG] SystemI::createSoundInternal             :     Sample 0/1: name='IronRefinery_Producing', format=2, channels=2, frequency=48000, lengthbytes=126688, lengthpcm=384000, pcmblocksize=0, loopstart=0, loopend=0, mode=0x00000000, channelmask=0x00000000, channelorder=0, peakvolume=0.988495.
[LOG] SystemI::createSoundInternal             :     Create name='', mode=0x02000202
[LOG] SystemI::createSoundInternal             :     exinfo->cbsize             = 232
[LOG] SystemI::createSoundInternal             :     exinfo->length             = 1543424
[LOG] SystemI::createSoundInternal             :     exinfo->fileoffset         = 28192
[LOG] SystemI::createSoundInternal             :     exinfo->numsubsounds       = 1
[LOG] SystemI::createSoundInternal             :     exinfo->inclusionlist      = 00000000E815F5FC
[LOG] SystemI::createSoundInternal             :     exinfo->inclusionlistnum   = 1
[LOG] SystemI::createSoundInternal             :     exinfo->suggestedsoundtype = 5
[LOG] SystemI::createSoundInternal             :     exinfo->useropen           = 00007FFDC0D7DA20
[LOG] SystemI::createSoundInternal             :     exinfo->userclose          = 00007FFDC0D7D9F0
[LOG] SystemI::createSoundInternal             :     exinfo->userread           = 00007FFDC0D7DAF0
[LOG] SystemI::createSoundInternal             :     exinfo->userseek           = 00007FFDC0D7DBB0
[LOG] SystemI::createSoundInternal             :     exinfo->fileuserdata       = 00000000C38D4138
[LOG] SystemI::createSoundInternal             :     exinfo->initialseekpostype = 1
[LOG] SystemI::DSPCodecPoolRegister            :     register codec pool for pool type 5
[LOG] SystemI::createSoundInternal             :     Sample 0/1: name='Miner_Producing', format=2, channels=2, frequency=48000, lengthbytes=50592, lengthpcm=192000, pcmblocksize=0, loopstart=0, loopend=0, mode=0x00000000, channelmask=0x00000000, channelorder=0, peakvolume=0.999969.
[LOG] SystemI::createSoundInternal             :     Create name='', mode=0x02000202
[LOG] SystemI::createSoundInternal             :     exinfo->cbsize             = 232
[LOG] SystemI::createSoundInternal             :     exinfo->length             = 1543424
[LOG] SystemI::createSoundInternal             :     exinfo->fileoffset         = 28192
[LOG] SystemI::createSoundInternal             :     exinfo->numsubsounds       = 1
[LOG] SystemI::createSoundInternal             :     exinfo->inclusionlist      = 00000000E815F5FC
[LOG] SystemI::createSoundInternal             :     exinfo->inclusionlistnum   = 1
[LOG] SystemI::createSoundInternal             :     exinfo->suggestedsoundtype = 5
[LOG] SystemI::createSoundInternal             :     exinfo->useropen           = 00007FFDC0D7DA20
[LOG] SystemI::createSoundInternal             :     exinfo->userclose          = 00007FFDC0D7D9F0
[LOG] SystemI::createSoundInternal             :     exinfo->userread           = 00007FFDC0D7DAF0
[LOG] SystemI::createSoundInternal             :     exinfo->userseek           = 00007FFDC0D7DBB0
[LOG] SystemI::createSoundInternal             :     exinfo->fileuserdata       = 00000000C38D4138
[LOG] SystemI::createSoundInternal             :     exinfo->initialseekpostype = 1
[LOG] SystemI::DSPCodecPoolRegister            :     register codec pool for pool type 5
[LOG] SystemI::createSoundInternal             :     Sample 0/1: name='IronRefinery_ShutDown', format=2, channels=2, frequency=48000, lengthbytes=54688, lengthpcm=192000, pcmblocksize=0, loopstart=0, loopend=0, mode=0x00000000, channelmask=0x00000000, channelorder=0, peakvolume=0.801849.
[LOG] SystemI::createSoundInternal             :     Create name='', mode=0x02000202
[LOG] SystemI::createSoundInternal             :     exinfo->cbsize             = 232
[LOG] SystemI::createSoundInternal             :     exinfo->length             = 1543424
[LOG] SystemI::createSoundInternal             :     exinfo->fileoffset         = 28192
[LOG] SystemI::createSoundInternal             :     exinfo->numsubsounds       = 1
[LOG] SystemI::createSoundInternal             :     exinfo->inclusionlist      = 00000000E815F5FC
[LOG] SystemI::createSoundInternal             :     exinfo->inclusionlistnum   = 1
[LOG] SystemI::createSoundInternal             :     exinfo->suggestedsoundtype = 5
[LOG] SystemI::createSoundInternal             :     exinfo->useropen           = 00007FFDC0D7DA20
[LOG] SystemI::createSoundInternal             :     exinfo->userclose          = 00007FFDC0D7D9F0
[LOG] SystemI::createSoundInternal             :     exinfo->userread           = 00007FFDC0D7DAF0
[LOG] SystemI::createSoundInternal             :     exinfo->userseek           = 00007FFDC0D7DBB0
[LOG] SystemI::createSoundInternal             :     exinfo->fileuserdata       = 00000000C38D4138
[LOG] SystemI::createSoundInternal             :     exinfo->initialseekpostype = 1
[LOG] SystemI::DSPCodecPoolRegister            :     register codec pool for pool type 5
[LOG] SystemI::createSoundInternal             :     Sample 0/1: name='PowerLoop', format=2, channels=2, frequency=48000, lengthbytes=119744, lengthpcm=384000, pcmblocksize=0, loopstart=0, loopend=0, mode=0x00000000, channelmask=0x00000000, channelorder=0, peakvolume=0.737366.
[LOG] AsyncThread::threadFunc                  : Finished Asynchronous operation on sound 0000000084781BA8
[LOG] SoundI::getSubSound                      : sound 0000000084781BA8.  Subsound index 0 / 1
>>>>>>> develop
